; ModuleID = 'FunC'
source_filename = "FunC"

%ScopeStruct = type { i8*, i8** }

@fmt = private unnamed_addr constant [4 x i8] c"%d\0A\00", align 1
@fmt.1 = private unnamed_addr constant [4 x i8] c"%s\0A\00", align 1
@fmt.2 = private unnamed_addr constant [4 x i8] c"%f\0A\00", align 1

declare i32 @printf(i8*, ...)

define i32 @main() {
entry:
  %y = alloca i32, align 4
  store i32 2, i32* %y, align 4
  %a = alloca i32 (%ScopeStruct*, i32)*, align 8
  store i32 (%ScopeStruct*, i32)* @"5768042335", i32 (%ScopeStruct*, i32)** %a, align 8
  %f = alloca i32 (%ScopeStruct*, i32 (%ScopeStruct*, i32)*)*, align 8
  store i32 (%ScopeStruct*, i32 (%ScopeStruct*, i32)*)* @"1873962744", i32 (%ScopeStruct*, i32 (%ScopeStruct*, i32)*)** %f, align 8
  %fdef = load i32 (%ScopeStruct*, i32 (%ScopeStruct*, i32)*)*, i32 (%ScopeStruct*, i32 (%ScopeStruct*, i32)*)** %f, align 8
  %malloccall = tail call i8* @malloc(i32 ptrtoint (%ScopeStruct* getelementptr (%ScopeStruct, %ScopeStruct* null, i32 1) to i32))
  %scope_instance = bitcast i8* %malloccall to %ScopeStruct*
  %malloccall1 = tail call i8* @malloc(i32 mul (i32 ptrtoint (i8** getelementptr (i8*, i8** null, i32 1) to i32), i32 3))
  %vars_array = bitcast i8* %malloccall1 to i8**
  %parent_ptr = getelementptr inbounds %ScopeStruct, %ScopeStruct* %scope_instance, i32 0, i32 0
  store i8* null, i8** %parent_ptr, align 8
  %var_ptr = getelementptr i8*, i8** %vars_array, i32 0
  %casted_val = bitcast i32* %y to i8*
  store i8* %casted_val, i8** %var_ptr, align 8
  %var_ptr2 = getelementptr i8*, i8** %vars_array, i32 1
  %casted_val3 = bitcast i32 (%ScopeStruct*, i32)** %a to i8*
  store i8* %casted_val3, i8** %var_ptr2, align 8
  %var_ptr4 = getelementptr i8*, i8** %vars_array, i32 2
  %casted_val5 = bitcast i32 (%ScopeStruct*, i32 (%ScopeStruct*, i32)*)** %f to i8*
  store i8* %casted_val5, i8** %var_ptr4, align 8
  %vars_array_ptr = getelementptr inbounds %ScopeStruct, %ScopeStruct* %scope_instance, i32 0, i32 1
  store i8** %vars_array, i8*** %vars_array_ptr, align 8
  %f_result = call i32 %fdef(%ScopeStruct* %scope_instance, i32 (%ScopeStruct*, i32)* @"6834928327")
  %printf = call i32 (i8*, ...) @printf(i8* getelementptr inbounds ([4 x i8], [4 x i8]* @fmt, i32 0, i32 0), i32 %f_result)
  %fdef6 = load i32 (%ScopeStruct*, i32 (%ScopeStruct*, i32)*)*, i32 (%ScopeStruct*, i32 (%ScopeStruct*, i32)*)** %f, align 8
  %a_load = load i32 (%ScopeStruct*, i32)*, i32 (%ScopeStruct*, i32)** %a, align 8
  %malloccall7 = tail call i8* @malloc(i32 ptrtoint (%ScopeStruct* getelementptr (%ScopeStruct, %ScopeStruct* null, i32 1) to i32))
  %scope_instance8 = bitcast i8* %malloccall7 to %ScopeStruct*
  %malloccall9 = tail call i8* @malloc(i32 mul (i32 ptrtoint (i8** getelementptr (i8*, i8** null, i32 1) to i32), i32 3))
  %vars_array10 = bitcast i8* %malloccall9 to i8**
  %parent_ptr11 = getelementptr inbounds %ScopeStruct, %ScopeStruct* %scope_instance8, i32 0, i32 0
  store i8* null, i8** %parent_ptr11, align 8
  %var_ptr12 = getelementptr i8*, i8** %vars_array10, i32 0
  %casted_val13 = bitcast i32* %y to i8*
  store i8* %casted_val13, i8** %var_ptr12, align 8
  %var_ptr14 = getelementptr i8*, i8** %vars_array10, i32 1
  %casted_val15 = bitcast i32 (%ScopeStruct*, i32)** %a to i8*
  store i8* %casted_val15, i8** %var_ptr14, align 8
  %var_ptr16 = getelementptr i8*, i8** %vars_array10, i32 2
  %casted_val17 = bitcast i32 (%ScopeStruct*, i32 (%ScopeStruct*, i32)*)** %f to i8*
  store i8* %casted_val17, i8** %var_ptr16, align 8
  %vars_array_ptr18 = getelementptr inbounds %ScopeStruct, %ScopeStruct* %scope_instance8, i32 0, i32 1
  store i8** %vars_array10, i8*** %vars_array_ptr18, align 8
  %f_result19 = call i32 %fdef6(%ScopeStruct* %scope_instance8, i32 (%ScopeStruct*, i32)* %a_load)
  %printf20 = call i32 (i8*, ...) @printf(i8* getelementptr inbounds ([4 x i8], [4 x i8]* @fmt, i32 0, i32 0), i32 %f_result19)
  ret i32 0
}

define i32 @"5768042335"(%ScopeStruct* %scope, i32 %0) {
entry:
  %scope1 = alloca %ScopeStruct*, align 8
  store %ScopeStruct* %scope, %ScopeStruct** %scope1, align 8
  %vars_array_ptr = getelementptr inbounds %ScopeStruct, %ScopeStruct* %scope, i32 0, i32 1
  %vars_array = load i8**, i8*** %vars_array_ptr, align 8
  %y_ptr = getelementptr i8*, i8** %vars_array, i32 0
  %y_load = load i8*, i8** %y_ptr, align 8
  %y = bitcast i8* %y_load to i32*
  %x = alloca i32, align 4
  store i32 %0, i32* %x, align 4
  %x_load = load i32, i32* %x, align 4
  ret i32 %x_load
}

define i32 @"1873962744"(%ScopeStruct* %scope, i32 (%ScopeStruct*, i32)* %0) {
entry:
  %scope1 = alloca %ScopeStruct*, align 8
  store %ScopeStruct* %scope, %ScopeStruct** %scope1, align 8
  %vars_array_ptr = getelementptr inbounds %ScopeStruct, %ScopeStruct* %scope, i32 0, i32 1
  %vars_array = load i8**, i8*** %vars_array_ptr, align 8
  %y_ptr = getelementptr i8*, i8** %vars_array, i32 0
  %y_load = load i8*, i8** %y_ptr, align 8
  %y = bitcast i8* %y_load to i32*
  %vars_array_ptr2 = getelementptr inbounds %ScopeStruct, %ScopeStruct* %scope, i32 0, i32 1
  %vars_array3 = load i8**, i8*** %vars_array_ptr2, align 8
  %a_ptr = getelementptr i8*, i8** %vars_array3, i32 1
  %a_load = load i8*, i8** %a_ptr, align 8
  %a = bitcast i8* %a_load to i32 (%ScopeStruct*, i32)**
  %g = alloca i32 (%ScopeStruct*, i32)*, align 8
  store i32 (%ScopeStruct*, i32)* %0, i32 (%ScopeStruct*, i32)** %g, align 8
  %fdef = load i32 (%ScopeStruct*, i32)*, i32 (%ScopeStruct*, i32)** %g, align 8
  %malloccall = tail call i8* @malloc(i32 ptrtoint (%ScopeStruct* getelementptr (%ScopeStruct, %ScopeStruct* null, i32 1) to i32))
  %scope_instance = bitcast i8* %malloccall to %ScopeStruct*
  %malloccall4 = tail call i8* @malloc(i32 mul (i32 ptrtoint (i8** getelementptr (i8*, i8** null, i32 1) to i32), i32 3))
  %vars_array5 = bitcast i8* %malloccall4 to i8**
  %parent_ptr = getelementptr inbounds %ScopeStruct, %ScopeStruct* %scope_instance, i32 0, i32 0
  store i8* null, i8** %parent_ptr, align 8
  %var_ptr = getelementptr i8*, i8** %vars_array5, i32 0
  %casted_val = bitcast i32* %y to i8*
  store i8* %casted_val, i8** %var_ptr, align 8
  %var_ptr6 = getelementptr i8*, i8** %vars_array5, i32 1
  %casted_val7 = bitcast i32 (%ScopeStruct*, i32)** %a to i8*
  store i8* %casted_val7, i8** %var_ptr6, align 8
  %var_ptr8 = getelementptr i8*, i8** %vars_array5, i32 2
  %casted_val9 = bitcast i32 (%ScopeStruct*, i32)** %g to i8*
  store i8* %casted_val9, i8** %var_ptr8, align 8
  %vars_array_ptr10 = getelementptr inbounds %ScopeStruct, %ScopeStruct* %scope_instance, i32 0, i32 1
  store i8** %vars_array5, i8*** %vars_array_ptr10, align 8
  %g_result = call i32 %fdef(%ScopeStruct* %scope_instance, i32 1)
  %y_load11 = load i32, i32* %y, align 4
  %tmp = add i32 %g_result, %y_load11
  ret i32 %tmp
}

declare noalias i8* @malloc(i32)

define i32 @"6834928327"(%ScopeStruct* %scope, i32 %0) {
entry:
  %scope1 = alloca %ScopeStruct*, align 8
  store %ScopeStruct* %scope, %ScopeStruct** %scope1, align 8
  %vars_array_ptr = getelementptr inbounds %ScopeStruct, %ScopeStruct* %scope, i32 0, i32 1
  %vars_array = load i8**, i8*** %vars_array_ptr, align 8
  %y_ptr = getelementptr i8*, i8** %vars_array, i32 0
  %y_load = load i8*, i8** %y_ptr, align 8
  %y = bitcast i8* %y_load to i32*
  %vars_array_ptr2 = getelementptr inbounds %ScopeStruct, %ScopeStruct* %scope, i32 0, i32 1
  %vars_array3 = load i8**, i8*** %vars_array_ptr2, align 8
  %a_ptr = getelementptr i8*, i8** %vars_array3, i32 1
  %a_load = load i8*, i8** %a_ptr, align 8
  %a = bitcast i8* %a_load to i32 (%ScopeStruct*, i32)**
  %vars_array_ptr4 = getelementptr inbounds %ScopeStruct, %ScopeStruct* %scope, i32 0, i32 1
  %vars_array5 = load i8**, i8*** %vars_array_ptr4, align 8
  %f_ptr = getelementptr i8*, i8** %vars_array5, i32 2
  %f_load = load i8*, i8** %f_ptr, align 8
  %f = bitcast i8* %f_load to i32 (%ScopeStruct*, i32 (%ScopeStruct*, i32)*)**
  %z = alloca i32, align 4
  store i32 %0, i32* %z, align 4
  %z_load = load i32, i32* %z, align 4
  ret i32 %z_load
}
